Arguments: 
  /usr/local/bin/node /usr/local/Cellar/yarn/1.5.1_1/libexec/bin/yarn.js build

PATH: 
  /usr/local/bin:/usr/bin:/bin:/usr/sbin:/sbin

Yarn version: 
  1.5.1

Node version: 
  8.9.4

Platform: 
  darwin x64

npm manifest: 
  {
    "name": "example-i18n",
    "dependencies": {
      "bulma": "^0.7.1",
      "nuxt": "latest",
      "vue-carousel": "^0.8.1",
      "vue-head": "^2.0.12",
      "vue-i18n": "^7.3.2",
      "vue-no-ssr": "^0.2.2",
      "vue-slider-component": "^2.7.1"
    },
    "scripts": {
      "dev": "nuxt",
      "build": "nuxt build",
      "start": "nuxt start",
      "generate": "nuxt generate",
      "heroku-postbuild": "npm run build"
    },
    "devDependencies": {
      "node-sass": "^4.9.0",
      "nuxt-sass-resources-loader": "^2.0.2",
      "sass-loader": "^7.0.3",
      "vue-style-loader": "^4.1.0"
    }
  }

yarn manifest: 
  No manifest

Lockfile: 
  No lockfile

Trace: 
  Error: Command failed.
  Exit code: 127
  Command: sh
  Arguments: -c nuxt build
  Directory: /Users/saurabh.khandelwal/Documents/sinitic/sinitics
  Output:
  
      at ProcessTermError.MessageError (/usr/local/Cellar/yarn/1.5.1_1/libexec/lib/cli.js:186:110)
      at new ProcessTermError (/usr/local/Cellar/yarn/1.5.1_1/libexec/lib/cli.js:226:113)
      at ChildProcess.<anonymous> (/usr/local/Cellar/yarn/1.5.1_1/libexec/lib/cli.js:30281:17)
      at emitTwo (events.js:126:13)
      at ChildProcess.emit (events.js:214:7)
      at maybeClose (internal/child_process.js:925:16)
      at Process.ChildProcess._handle.onexit (internal/child_process.js:209:5)
